  Vehicle.cpp
d:\repo's\ia for games\ia_tp2\path.h(27): error C2664: 'std::_List_iterator<std::_List_val<std::_List_simple_types<_Ty>>>::_List_iterator(std::_List_iterator<std::_List_val<std::_List_simple_types<_Ty>>> &&)' : impossible de convertir l'argument 1 de 'int' en 'const std::_List_iterator<std::_List_val<std::_List_simple_types<_Ty>>> &'
          with
          [
              _Ty=Vector2D
          ]
  d:\repo's\ia for games\ia_tp2\path.h(27): note: Raison : impossible de convertir de 'int' en 'const std::_List_iterator<std::_List_val<std::_List_simple_types<_Ty>>>'
          with
          [
              _Ty=Vector2D
          ]
  d:\repo's\ia for games\ia_tp2\path.h(27): note: Aucun constructeur n'a pu prendre le type de source, ou la résolution de la surcharge du constructeur était ambiguë
d:\repo's\ia for games\ia_tp2\path.h(45): error C2678: '!=' binaire : aucun opérateur trouvé qui accepte un opérande de partie gauche de type 'const std::_List_iterator<std::_List_val<std::_List_simple_types<_Ty>>>' (ou il n'existe pas de conversion acceptable)
          with
          [
              _Ty=Vector2D
          ]
  c:\program files (x86)\microsoft visual studio\2017\community\vc\tools\msvc\14.15.26726\include\list(246): note: est peut-être 'bool std::_List_const_iterator<std::_List_val<std::_List_simple_types<_Ty>>>::operator !=(const std::_List_const_iterator<std::_List_val<std::_List_simple_types<_Ty>>> &) const'
          with
          [
              _Ty=Vector2D
          ]
  c:\program files (x86)\windows kits\10\include\10.0.17134.0\shared\guiddef.h(197): note: ou       'bool operator !=(const GUID &,const GUID &)'
  c:\program files (x86)\microsoft visual studio\2017\community\vc\tools\msvc\14.15.26726\include\exception(336): note: ou       'bool std::operator !=(const std::exception_ptr &,const std::exception_ptr &) noexcept' [trouvé à l'aide d'une recherche dépendante d'un argument]
  c:\program files (x86)\microsoft visual studio\2017\community\vc\tools\msvc\14.15.26726\include\exception(341): note: ou       'bool std::operator !=(std::nullptr_t,const std::exception_ptr &) noexcept' [trouvé à l'aide d'une recherche dépendante d'un argument]
  c:\program files (x86)\microsoft visual studio\2017\community\vc\tools\msvc\14.15.26726\include\exception(346): note: ou       'bool std::operator !=(const std::exception_ptr &,std::nullptr_t) noexcept' [trouvé à l'aide d'une recherche dépendante d'un argument]
  c:\program files (x86)\microsoft visual studio\2017\community\vc\tools\msvc\14.15.26726\include\system_error(291): note: ou       'bool std::operator !=(const std::error_code &,const std::error_code &) noexcept' [trouvé à l'aide d'une recherche dépendante d'un argument]
  c:\program files (x86)\microsoft visual studio\2017\community\vc\tools\msvc\14.15.26726\include\system_error(296): note: ou       'bool std::operator !=(const std::error_code &,const std::error_condition &) noexcept' [trouvé à l'aide d'une recherche dépendante d'un argument]
  c:\program files (x86)\microsoft visual studio\2017\community\vc\tools\msvc\14.15.26726\include\system_error(301): note: ou       'bool std::operator !=(const std::error_condition &,const std::error_code &) noexcept' [trouvé à l'aide d'une recherche dépendante d'un argument]
  c:\program files (x86)\microsoft visual studio\2017\community\vc\tools\msvc\14.15.26726\include\system_error(306): note: ou       'bool std::operator !=(const std::error_condition &,const std::error_condition &) noexcept' [trouvé à l'aide d'une recherche dépendante d'un argument]
  d:\repo's\ia for games\ia_tp2\path.h(45): note: lors de la tentative de mise en correspondance de la liste des arguments '(const std::_List_iterator<std::_List_val<std::_List_simple_types<_Ty>>>, int)'
          with
          [
              _Ty=Vector2D
          ]
  SteeringBehaviors.cpp
d:\repo's\ia for games\ia_tp2\path.h(27): error C2664: 'std::_List_iterator<std::_List_val<std::_List_simple_types<_Ty>>>::_List_iterator(std::_List_iterator<std::_List_val<std::_List_simple_types<_Ty>>> &&)' : impossible de convertir l'argument 1 de 'int' en 'const std::_List_iterator<std::_List_val<std::_List_simple_types<_Ty>>> &'
          with
          [
              _Ty=Vector2D
          ]
  d:\repo's\ia for games\ia_tp2\path.h(27): note: Raison : impossible de convertir de 'int' en 'const std::_List_iterator<std::_List_val<std::_List_simple_types<_Ty>>>'
          with
          [
              _Ty=Vector2D
          ]
  d:\repo's\ia for games\ia_tp2\path.h(27): note: Aucun constructeur n'a pu prendre le type de source, ou la résolution de la surcharge du constructeur était ambiguë
d:\repo's\ia for games\ia_tp2\path.h(45): error C2678: '!=' binaire : aucun opérateur trouvé qui accepte un opérande de partie gauche de type 'const std::_List_iterator<std::_List_val<std::_List_simple_types<_Ty>>>' (ou il n'existe pas de conversion acceptable)
          with
          [
              _Ty=Vector2D
          ]
  c:\program files (x86)\microsoft visual studio\2017\community\vc\tools\msvc\14.15.26726\include\list(246): note: est peut-être 'bool std::_List_const_iterator<std::_List_val<std::_List_simple_types<_Ty>>>::operator !=(const std::_List_const_iterator<std::_List_val<std::_List_simple_types<_Ty>>> &) const'
          with
          [
              _Ty=Vector2D
          ]
  c:\program files (x86)\windows kits\10\include\10.0.17134.0\shared\guiddef.h(197): note: ou       'bool operator !=(const GUID &,const GUID &)'
  c:\program files (x86)\microsoft visual studio\2017\community\vc\tools\msvc\14.15.26726\include\exception(336): note: ou       'bool std::operator !=(const std::exception_ptr &,const std::exception_ptr &) noexcept' [trouvé à l'aide d'une recherche dépendante d'un argument]
  c:\program files (x86)\microsoft visual studio\2017\community\vc\tools\msvc\14.15.26726\include\exception(341): note: ou       'bool std::operator !=(std::nullptr_t,const std::exception_ptr &) noexcept' [trouvé à l'aide d'une recherche dépendante d'un argument]
  c:\program files (x86)\microsoft visual studio\2017\community\vc\tools\msvc\14.15.26726\include\exception(346): note: ou       'bool std::operator !=(const std::exception_ptr &,std::nullptr_t) noexcept' [trouvé à l'aide d'une recherche dépendante d'un argument]
  c:\program files (x86)\microsoft visual studio\2017\community\vc\tools\msvc\14.15.26726\include\system_error(291): note: ou       'bool std::operator !=(const std::error_code &,const std::error_code &) noexcept' [trouvé à l'aide d'une recherche dépendante d'un argument]
  c:\program files (x86)\microsoft visual studio\2017\community\vc\tools\msvc\14.15.26726\include\system_error(296): note: ou       'bool std::operator !=(const std::error_code &,const std::error_condition &) noexcept' [trouvé à l'aide d'une recherche dépendante d'un argument]
  c:\program files (x86)\microsoft visual studio\2017\community\vc\tools\msvc\14.15.26726\include\system_error(301): note: ou       'bool std::operator !=(const std::error_condition &,const std::error_code &) noexcept' [trouvé à l'aide d'une recherche dépendante d'un argument]
  c:\program files (x86)\microsoft visual studio\2017\community\vc\tools\msvc\14.15.26726\include\system_error(306): note: ou       'bool std::operator !=(const std::error_condition &,const std::error_condition &) noexcept' [trouvé à l'aide d'une recherche dépendante d'un argument]
  d:\repo's\ia for games\ia_tp2\path.h(45): note: lors de la tentative de mise en correspondance de la liste des arguments '(const std::_List_iterator<std::_List_val<std::_List_simple_types<_Ty>>>, int)'
          with
          [
              _Ty=Vector2D
          ]
  Path.cpp
d:\repo's\ia for games\ia_tp2\path.h(27): error C2664: 'std::_List_iterator<std::_List_val<std::_List_simple_types<_Ty>>>::_List_iterator(std::_List_iterator<std::_List_val<std::_List_simple_types<_Ty>>> &&)' : impossible de convertir l'argument 1 de 'int' en 'const std::_List_iterator<std::_List_val<std::_List_simple_types<_Ty>>> &'
          with
          [
              _Ty=Vector2D
          ]
  d:\repo's\ia for games\ia_tp2\path.h(27): note: Raison : impossible de convertir de 'int' en 'const std::_List_iterator<std::_List_val<std::_List_simple_types<_Ty>>>'
          with
          [
              _Ty=Vector2D
          ]
  d:\repo's\ia for games\ia_tp2\path.h(27): note: Aucun constructeur n'a pu prendre le type de source, ou la résolution de la surcharge du constructeur était ambiguë
d:\repo's\ia for games\ia_tp2\path.h(45): error C2678: '!=' binaire : aucun opérateur trouvé qui accepte un opérande de partie gauche de type 'const std::_List_iterator<std::_List_val<std::_List_simple_types<_Ty>>>' (ou il n'existe pas de conversion acceptable)
          with
          [
              _Ty=Vector2D
          ]
  c:\program files (x86)\microsoft visual studio\2017\community\vc\tools\msvc\14.15.26726\include\list(246): note: est peut-être 'bool std::_List_const_iterator<std::_List_val<std::_List_simple_types<_Ty>>>::operator !=(const std::_List_const_iterator<std::_List_val<std::_List_simple_types<_Ty>>> &) const'
          with
          [
              _Ty=Vector2D
          ]
  c:\program files (x86)\windows kits\10\include\10.0.17134.0\shared\guiddef.h(197): note: ou       'bool operator !=(const GUID &,const GUID &)'
  c:\program files (x86)\microsoft visual studio\2017\community\vc\tools\msvc\14.15.26726\include\exception(336): note: ou       'bool std::operator !=(const std::exception_ptr &,const std::exception_ptr &) noexcept' [trouvé à l'aide d'une recherche dépendante d'un argument]
  c:\program files (x86)\microsoft visual studio\2017\community\vc\tools\msvc\14.15.26726\include\exception(341): note: ou       'bool std::operator !=(std::nullptr_t,const std::exception_ptr &) noexcept' [trouvé à l'aide d'une recherche dépendante d'un argument]
  c:\program files (x86)\microsoft visual studio\2017\community\vc\tools\msvc\14.15.26726\include\exception(346): note: ou       'bool std::operator !=(const std::exception_ptr &,std::nullptr_t) noexcept' [trouvé à l'aide d'une recherche dépendante d'un argument]
  c:\program files (x86)\microsoft visual studio\2017\community\vc\tools\msvc\14.15.26726\include\system_error(291): note: ou       'bool std::operator !=(const std::error_code &,const std::error_code &) noexcept' [trouvé à l'aide d'une recherche dépendante d'un argument]
  c:\program files (x86)\microsoft visual studio\2017\community\vc\tools\msvc\14.15.26726\include\system_error(296): note: ou       'bool std::operator !=(const std::error_code &,const std::error_condition &) noexcept' [trouvé à l'aide d'une recherche dépendante d'un argument]
  c:\program files (x86)\microsoft visual studio\2017\community\vc\tools\msvc\14.15.26726\include\system_error(301): note: ou       'bool std::operator !=(const std::error_condition &,const std::error_code &) noexcept' [trouvé à l'aide d'une recherche dépendante d'un argument]
  c:\program files (x86)\microsoft visual studio\2017\community\vc\tools\msvc\14.15.26726\include\system_error(306): note: ou       'bool std::operator !=(const std::error_condition &,const std::error_condition &) noexcept' [trouvé à l'aide d'une recherche dépendante d'un argument]
  d:\repo's\ia for games\ia_tp2\path.h(45): note: lors de la tentative de mise en correspondance de la liste des arguments '(const std::_List_iterator<std::_List_val<std::_List_simple_types<_Ty>>>, int)'
          with
          [
              _Ty=Vector2D
          ]
  ParamLoader.cpp
  Obstacle.cpp
  main.cpp
  GameWorld.cpp
d:\repo's\ia for games\ia_tp2\path.h(27): error C2664: 'std::_List_iterator<std::_List_val<std::_List_simple_types<_Ty>>>::_List_iterator(std::_List_iterator<std::_List_val<std::_List_simple_types<_Ty>>> &&)' : impossible de convertir l'argument 1 de 'int' en 'const std::_List_iterator<std::_List_val<std::_List_simple_types<_Ty>>> &'
          with
          [
              _Ty=Vector2D
          ]
  d:\repo's\ia for games\ia_tp2\path.h(27): note: Raison : impossible de convertir de 'int' en 'const std::_List_iterator<std::_List_val<std::_List_simple_types<_Ty>>>'
          with
          [
              _Ty=Vector2D
          ]
  d:\repo's\ia for games\ia_tp2\path.h(27): note: Aucun constructeur n'a pu prendre le type de source, ou la résolution de la surcharge du constructeur était ambiguë
d:\repo's\ia for games\ia_tp2\path.h(45): error C2678: '!=' binaire : aucun opérateur trouvé qui accepte un opérande de partie gauche de type 'const std::_List_iterator<std::_List_val<std::_List_simple_types<_Ty>>>' (ou il n'existe pas de conversion acceptable)
          with
          [
              _Ty=Vector2D
          ]
  c:\program files (x86)\microsoft visual studio\2017\community\vc\tools\msvc\14.15.26726\include\list(246): note: est peut-être 'bool std::_List_const_iterator<std::_List_val<std::_List_simple_types<_Ty>>>::operator !=(const std::_List_const_iterator<std::_List_val<std::_List_simple_types<_Ty>>> &) const'
          with
          [
              _Ty=Vector2D
          ]
  c:\program files (x86)\windows kits\10\include\10.0.17134.0\shared\guiddef.h(197): note: ou       'bool operator !=(const GUID &,const GUID &)'
  c:\program files (x86)\microsoft visual studio\2017\community\vc\tools\msvc\14.15.26726\include\exception(336): note: ou       'bool std::operator !=(const std::exception_ptr &,const std::exception_ptr &) noexcept' [trouvé à l'aide d'une recherche dépendante d'un argument]
  c:\program files (x86)\microsoft visual studio\2017\community\vc\tools\msvc\14.15.26726\include\exception(341): note: ou       'bool std::operator !=(std::nullptr_t,const std::exception_ptr &) noexcept' [trouvé à l'aide d'une recherche dépendante d'un argument]
  c:\program files (x86)\microsoft visual studio\2017\community\vc\tools\msvc\14.15.26726\include\exception(346): note: ou       'bool std::operator !=(const std::exception_ptr &,std::nullptr_t) noexcept' [trouvé à l'aide d'une recherche dépendante d'un argument]
  c:\program files (x86)\microsoft visual studio\2017\community\vc\tools\msvc\14.15.26726\include\system_error(291): note: ou       'bool std::operator !=(const std::error_code &,const std::error_code &) noexcept' [trouvé à l'aide d'une recherche dépendante d'un argument]
  c:\program files (x86)\microsoft visual studio\2017\community\vc\tools\msvc\14.15.26726\include\system_error(296): note: ou       'bool std::operator !=(const std::error_code &,const std::error_condition &) noexcept' [trouvé à l'aide d'une recherche dépendante d'un argument]
  c:\program files (x86)\microsoft visual studio\2017\community\vc\tools\msvc\14.15.26726\include\system_error(301): note: ou       'bool std::operator !=(const std::error_condition &,const std::error_code &) noexcept' [trouvé à l'aide d'une recherche dépendante d'un argument]
  c:\program files (x86)\microsoft visual studio\2017\community\vc\tools\msvc\14.15.26726\include\system_error(306): note: ou       'bool std::operator !=(const std::error_condition &,const std::error_condition &) noexcept' [trouvé à l'aide d'une recherche dépendante d'un argument]
  d:\repo's\ia for games\ia_tp2\path.h(45): note: lors de la tentative de mise en correspondance de la liste des arguments '(const std::_List_iterator<std::_List_val<std::_List_simple_types<_Ty>>>, int)'
          with
          [
              _Ty=Vector2D
          ]
  PrecisionTimer.cpp
  WindowUtils.cpp
  iniFileLoaderBase.cpp
d:\repo's\ia for games\ia_tp2\misc\inifileloaderbase.cpp(9): warning C4305: 'argument' : troncation de 'int' à 'const _Elem'
          with
          [
              _Elem=char
          ]
d:\repo's\ia for games\ia_tp2\misc\inifileloaderbase.cpp(9): warning C4309: 'argument' : troncation de valeur de constante
d:\repo's\ia for games\ia_tp2\misc\inifileloaderbase.cpp(57): warning C4129: ';' : caractère de séquence d'échappement non reconnu
d:\repo's\ia for games\ia_tp2\misc\inifileloaderbase.cpp(109): warning C4129: ';' : caractère de séquence d'échappement non reconnu
  Cgdi.cpp
  Vector2d.cpp
  Génération de code en cours...
