d:\repo's\ia for games\ia_tp2\debug\steering.bsc
d:\repo's\ia for games\ia_tp2\debug\vc141.pdb
d:\repo's\ia for games\ia_tp2\debug\vc141.idb
d:\repo's\ia for games\ia_tp2\debug\vehicle.sbr
d:\repo's\ia for games\ia_tp2\debug\steeringbehaviors.sbr
d:\repo's\ia for games\ia_tp2\debug\path.sbr
d:\repo's\ia for games\ia_tp2\debug\paramloader.sbr
d:\repo's\ia for games\ia_tp2\debug\obstacle.sbr
d:\repo's\ia for games\ia_tp2\debug\main.sbr
d:\repo's\ia for games\ia_tp2\debug\gameworld.sbr
d:\repo's\ia for games\ia_tp2\debug\precisiontimer.sbr
d:\repo's\ia for games\ia_tp2\debug\windowutils.sbr
d:\repo's\ia for games\ia_tp2\debug\inifileloaderbase.sbr
d:\repo's\ia for games\ia_tp2\debug\cgdi.sbr
d:\repo's\ia for games\ia_tp2\debug\leaderagent.sbr
d:\repo's\ia for games\ia_tp2\debug\humanleader.sbr
d:\repo's\ia for games\ia_tp2\debug\followagent.sbr
d:\repo's\ia for games\ia_tp2\debug\vector2d.sbr
d:\repo's\ia for games\ia_tp2\debug\vector2d.obj
d:\repo's\ia for games\ia_tp2\debug\followagent.obj
d:\repo's\ia for games\ia_tp2\debug\humanleader.obj
d:\repo's\ia for games\ia_tp2\debug\leaderagent.obj
d:\repo's\ia for games\ia_tp2\debug\cgdi.obj
d:\repo's\ia for games\ia_tp2\debug\inifileloaderbase.obj
d:\repo's\ia for games\ia_tp2\debug\windowutils.obj
d:\repo's\ia for games\ia_tp2\debug\precisiontimer.obj
d:\repo's\ia for games\ia_tp2\debug\gameworld.obj
d:\repo's\ia for games\ia_tp2\debug\main.obj
d:\repo's\ia for games\ia_tp2\debug\obstacle.obj
d:\repo's\ia for games\ia_tp2\debug\paramloader.obj
d:\repo's\ia for games\ia_tp2\debug\path.obj
d:\repo's\ia for games\ia_tp2\debug\steeringbehaviors.obj
d:\repo's\ia for games\ia_tp2\debug\vehicle.obj
d:\repo's\ia for games\ia_tp2\debug\steering.exe
d:\repo's\ia for games\ia_tp2\debug\steering.ilk
d:\repo's\ia for games\ia_tp2\debug\steering.pdb
d:\repo's\ia for games\ia_tp2\debug\script1.res
d:\repo's\ia for games\ia_tp2\.\debug\steering.exe
d:\repo's\ia for games\ia_tp2\debug\steering.tlog\bscmake.command.1.tlog
d:\repo's\ia for games\ia_tp2\debug\steering.tlog\bscmake.read.1.tlog
d:\repo's\ia for games\ia_tp2\debug\steering.tlog\bscmake.write.1.tlog
d:\repo's\ia for games\ia_tp2\debug\steering.tlog\cl.command.1.tlog
d:\repo's\ia for games\ia_tp2\debug\steering.tlog\cl.read.1.tlog
d:\repo's\ia for games\ia_tp2\debug\steering.tlog\cl.write.1.tlog
d:\repo's\ia for games\ia_tp2\debug\steering.tlog\link.command.1.tlog
d:\repo's\ia for games\ia_tp2\debug\steering.tlog\link.read.1.tlog
d:\repo's\ia for games\ia_tp2\debug\steering.tlog\link.write.1.tlog
d:\repo's\ia for games\ia_tp2\debug\steering.tlog\rc.command.1.tlog
d:\repo's\ia for games\ia_tp2\debug\steering.tlog\rc.read.1.tlog
d:\repo's\ia for games\ia_tp2\debug\steering.tlog\rc.write.1.tlog
